c:\users\administrator\downloads\maplestory\maplestory\debug\maplestory.pch
c:\users\administrator\downloads\maplestory\maplestory\debug\vc140.pdb
c:\users\administrator\downloads\maplestory\maplestory\debug\vc140.idb
c:\users\administrator\downloads\maplestory\maplestory\debug\stdafx.obj
c:\users\administrator\downloads\maplestory\maplestory\debug\bossfield.obj
c:\users\administrator\downloads\maplestory\maplestory\debug\create.obj
c:\users\administrator\downloads\maplestory\maplestory\debug\keymgr.obj
c:\users\administrator\downloads\maplestory\maplestory\debug\loading.obj
c:\users\administrator\downloads\maplestory\maplestory\debug\login.obj
c:\users\administrator\downloads\maplestory\maplestory\debug\maingame.obj
c:\users\administrator\downloads\maplestory\maplestory\debug\mapedit.obj
c:\users\administrator\downloads\maplestory\maplestory\debug\mapeditor.obj
c:\users\administrator\downloads\maplestory\maplestory\debug\maplestory.obj
c:\users\administrator\downloads\maplestory\maplestory\debug\mybutton.obj
c:\users\administrator\downloads\maplestory\maplestory\debug\objmgr.obj
c:\users\administrator\downloads\maplestory\maplestory\debug\parent.obj
c:\users\administrator\downloads\maplestory\maplestory\debug\player.obj
c:\users\administrator\downloads\maplestory\maplestory\debug\scene.obj
c:\users\administrator\downloads\maplestory\maplestory\debug\scenemgr.obj
c:\users\administrator\downloads\maplestory\maplestory\debug\skill.obj
c:\users\administrator\downloads\maplestory\maplestory\debug\stage1.obj
c:\users\administrator\downloads\maplestory\maplestory\debug\stage2.obj
c:\users\administrator\downloads\maplestory\maplestory\debug\ui.obj
c:\users\administrator\downloads\maplestory\maplestory\debug\village.obj
c:\users\administrator\downloads\maplestory\maplestory\debug\bitbmp.obj
c:\users\administrator\downloads\maplestory\maplestory\debug\maplestory.res
c:\users\administrator\downloads\maplestory\debug\maplestory.pdb
c:\users\administrator\downloads\maplestory\maplestory\debug\maplestory.tlog\cl.command.1.tlog
c:\users\administrator\downloads\maplestory\maplestory\debug\maplestory.tlog\cl.read.1.tlog
c:\users\administrator\downloads\maplestory\maplestory\debug\maplestory.tlog\cl.write.1.tlog
c:\users\administrator\downloads\maplestory\maplestory\debug\maplestory.tlog\link-cvtres.read.1.tlog
c:\users\administrator\downloads\maplestory\maplestory\debug\maplestory.tlog\link-cvtres.write.1.tlog
c:\users\administrator\downloads\maplestory\maplestory\debug\maplestory.tlog\link-rc.read.1.tlog
c:\users\administrator\downloads\maplestory\maplestory\debug\maplestory.tlog\link-rc.write.1.tlog
c:\users\administrator\downloads\maplestory\maplestory\debug\maplestory.tlog\link.command.1.tlog
c:\users\administrator\downloads\maplestory\maplestory\debug\maplestory.tlog\link.read.1.tlog
c:\users\administrator\downloads\maplestory\maplestory\debug\maplestory.tlog\link.write.1.tlog
c:\users\administrator\downloads\maplestory\maplestory\debug\maplestory.tlog\rc.command.1.tlog
c:\users\administrator\downloads\maplestory\maplestory\debug\maplestory.tlog\rc.read.1.tlog
c:\users\administrator\downloads\maplestory\maplestory\debug\maplestory.tlog\rc.write.1.tlog
